[00:22:16] [ServerMain/INFO]: Environment: Environment[sessionHost=https://sessionserver.mojang.com, servicesHost=https://api.minecraftservices.com, name=PROD]
[00:22:20] [ServerMain/INFO]: Loaded 1290 recipes
[00:22:21] [ServerMain/INFO]: Loaded 1399 advancements
[00:22:22] [Server thread/INFO]: Starting minecraft server version 1.21.1
[00:22:22] [Server thread/INFO]: Loading properties
[00:22:22] [Server thread/INFO]: Default game type: SURVIVAL
[00:22:22] [Server thread/INFO]: Generating keypair
[00:22:22] [Server thread/INFO]: Starting Minecraft server on *:25565
[00:22:22] [Server thread/INFO]: Using epoll channel type
[00:22:22] [Server thread/WARN]: **** SERVER IS RUNNING IN OFFLINE/INSECURE MODE!
[00:22:22] [Server thread/WARN]: The server will make no attempt to authenticate usernames. Beware.
[00:22:22] [Server thread/WARN]: While this makes the game possible to play without internet access, it also opens up the ability for hackers to connect with any username they choose.
[00:22:22] [Server thread/WARN]: To change this, set "online-mode" to "true" in the server.properties file.
[00:22:22] [Server thread/INFO]: Preparing level "world"
[00:22:30] [Server thread/INFO]: Preparing start region for dimension minecraft:overworld
[00:22:31] [Worker-Main-1/INFO]: Preparing spawn area: 0%
[00:22:31] [Worker-Main-1/INFO]: Preparing spawn area: 0%
[00:22:31] [Worker-Main-1/INFO]: Preparing spawn area: 6%
[00:22:31] [Server thread/INFO]: Time elapsed: 1338 ms
[00:22:32] [Server thread/INFO]: Done (9.049s)! For help, type "help"
[00:22:44] [Server thread/INFO]: Jmat_2[/127.31.58.135:54793] logged in with entity id 17 at (14.563334742374574, 1.0, 244.47434848553362)
[00:22:44] [Server thread/INFO]: Jmat_2 joined the game
[00:23:01] [Server thread/INFO]: vGodbridger[/127.194.163.136:37091] logged in with entity id 399 at (7.899862438048083, 3.533456093820601, 142.7260713734208)
[00:23:01] [Server thread/INFO]: vGodbridger joined the game
[00:23:45] [Server thread/INFO]: OROCHIMARU[/127.155.219.29:46277] logged in with entity id 777 at (379.0871942572308, 66.0, 189.90526898267595)
[00:23:45] [Server thread/INFO]: OROCHIMARU joined the game
[00:23:49] [Server thread/WARN]: Can't keep up! Is the server overloaded? Running 2011ms or 40 ticks behind
[00:25:25] [Server thread/INFO]: Maycol_27x[/127.24.127.46:55487] logged in with entity id 6399 at (373.2335956743026, 66.0, 183.23477296070564)
[00:25:25] [Server thread/INFO]: Maycol_27x joined the game
[00:25:29] [Server thread/INFO]: [Not Secure] <OROCHIMARU> no
[00:25:55] [Server thread/INFO]: Maycol_27x lost connection: Timed out
[00:25:55] [Server thread/INFO]: Maycol_27x left the game
[00:25:55] [Server thread/WARN]: handleDisconnection() called twice
[00:26:16] [Server thread/INFO]: Maycol_27x[/127.24.127.46:36185] logged in with entity id 8460 at (373.2335956743026, 66.0, 183.23477296070564)
[00:26:16] [Server thread/INFO]: Maycol_27x joined the game
[00:27:19] [Server thread/INFO]: Maycol_27x lost connection: Disconnected
[00:27:19] [Server thread/INFO]: Maycol_27x left the game
[00:27:27] [Server thread/INFO]: Maycol_27x[/127.24.127.46:37709] logged in with entity id 10849 at (373.2335956743026, 66.0, 183.23477296070564)
[00:27:27] [Server thread/INFO]: Maycol_27x joined the game
[00:27:46] [Server thread/INFO]: OROCHIMARU lost connection: Timed out
[00:27:46] [Server thread/INFO]: OROCHIMARU left the game
[00:27:56] [Server thread/INFO]: OROCHIMARU[/127.155.219.29:52911] logged in with entity id 11615 at (408.474221196803, 68.0, 163.29349804103077)
[00:27:56] [Server thread/INFO]: OROCHIMARU joined the game
[00:27:57] [Server thread/INFO]: Villager cmk['Villager'/1014, l='ServerLevel[world]', x=411.62, y=25.50, z=154.26] died, message: 'Villager was squished too much'
[00:28:00] [Server thread/INFO]: Villager cmk['Villager'/1012, l='ServerLevel[world]', x=411.65, y=25.50, z=154.28] died, message: 'Villager was squished too much'
[00:28:17] [Server thread/INFO]: [Jmat_2: The difficulty has been set to Hard]
[00:28:24] [Server thread/INFO]: Villager cmk['Villager'/1013, l='ServerLevel[world]', x=411.73, y=25.50, z=154.29] died, message: 'Villager was squished too much'
[00:28:27] [Server thread/WARN]: Mismatch in destroy block pos: jd{x=244, y=90, z=241} jd{x=245, y=95, z=239}
[00:29:41] [Server thread/WARN]: Maycol_27x moved too quickly! -10.656207372497192,3.288432035751157,2.931360733839057
[00:29:50] [Server thread/WARN]: Maycol_27x moved too quickly! -14.903902088235839,8.85677213014128,3.3350272922380384
[00:30:08] [Server thread/WARN]: Mismatch in destroy block pos: jd{x=244, y=100, z=196} jd{x=244, y=102, z=194}
[00:30:51] [Server thread/INFO]: OROCHIMARU lost connection: Disconnected
[00:30:51] [Server thread/INFO]: OROCHIMARU left the game
[00:30:56] [Server thread/INFO]: OROCHIMARU[/127.155.219.29:40549] logged in with entity id 16015 at (415.2899124995035, 68.0, 170.14378763536303)
[00:30:56] [Server thread/INFO]: OROCHIMARU joined the game
[00:30:58] [Server thread/WARN]: Maycol_27x moved too quickly! -0.033143990334338014,-11.026982712340207,0.0
[00:31:01] [Server thread/WARN]: Maycol_27x moved too quickly! 0.0,-10.867409983895083,0.0
[00:31:06] [Server thread/INFO]: Maycol_27x lost connection: Disconnected
[00:31:06] [Server thread/INFO]: Maycol_27x left the game
[00:31:12] [Server thread/INFO]: Maycol_27x[/127.24.127.46:47591] logged in with entity id 16527 at (360.30000001192093, -55.0, 193.69999998807907)
[00:31:12] [Server thread/INFO]: Maycol_27x joined the game
